This is pdfTeX, Version 3.1415926-2.3-1.40.12 (TeX Live 2011) (format=pdftex 2011.7.3)  18 OCT 2011 15:18
entering extended mode
 restricted \write18 enabled.
 %&-line parsing enabled.
**edp7-cv.tex
(./edp7-cv.tex
! Undefined control sequence.
l.2 \documentclass
                  [line,margin]{res}
? ç≈√
Type <return> to proceed, S to scroll future error messages,
R to run without stopping, Q to run quietly,
I to insert something, E to edit your file,
1 or ... or 9 to ignore the next 1 to 9 tokens of input,
H for help, X to quit.
? 
! Interruption.
<to be read again> 
                   [
l.2 \documentclass[
                   line,margin]{res}
? 
! Undefined control sequence.
l.6 \begin
          {document}
? 
! Undefined control sequence.
l.8 \name
         {Edward Parry}
? zxczcv`xzc	qri
Type <return> to proceed, S to scroll future error messages,
R to run without stopping, Q to run quietly,
I to insert something, E to edit your file,
1 or ... or 9 to ignore the next 1 to 9 tokens of input,
H for help, X to quit.
? 
! Emergency stop.
l.8 \name
         {Edward Parry}
End of file on the terminal!

!  ==> Fatal error occurred, no output PDF file produced!
